Begin Scraping..
https://www.olx.com.eg/ad/bmw-e90-manual-IDaak83.html
https://www.olx.com.eg/ad/2018-IDbSqfh.html
https://www.olx.com.eg/ad/-IDbSqeT.html
https://www.olx.com.eg/ad/velar-IDbOvLk.html
https://www.olx.com.eg/ad/-IDbSqdH.html
https://www.olx.com.eg/ad/-IDbSqdg.html
https://www.olx.com.eg/ad/2004-IDbSqda.html
https://www.olx.com.eg/ad/-IDbSqcY.html
https://www.olx.com.eg/ad/2013-IDbSqcD.html
https://www.olx.com.eg/ad/bmw-318-luxury-IDbRD5Z.html
https://www.olx.com.eg/ad/2013-214-IDbSqaZ.html
https://www.olx.com.eg/ad/-IDbSqaG.html
https://www.olx.com.eg/ad/-IDbSqaz.html
https://www.olx.com.eg/ad/-IDbSqav.html
https://www.olx.com.eg/ad/vw-passat-trend-line-2019-IDbSq8q.html
https://www.olx.com.eg/ad/2017-IDbSqg5.html
https://www.olx.com.eg/ad/53900-3600-IDbPKeL.html
https://www.olx.com.eg/ad/-IDbSqfp.html
https://www.olx.com.eg/ad/2021-IDbPrG7.html
https://www.olx.com.eg/ad/hd-IDbSqfb.html
https://www.olx.com.eg/ad/elantra-2015-in-a-good-condition-IDbSqbW.html
https://www.olx.com.eg/ad/-IDbSqcR.html
https://www.olx.com.eg/ad/-IDbSqdZ.html
https://www.olx.com.eg/ad/2015-IDbSqdv.html
https://www.olx.com.eg/ad/vectra-IDbSqdI.html
https://www.olx.com.eg/ad/-IDbSqdO.html
https://www.olx.com.eg/ad/-IDbSqep.html
https://www.olx.com.eg/ad/-IDbSqbl.html
https://www.olx.com.eg/ad/toyota-echo-IDbSqdS.html
https://www.olx.com.eg/ad/-IDbSqaY.html
https://www.olx.com.eg/ad/hyundai-accent-2012-IDbSqe9.html
https://www.olx.com.eg/ad/-IDbSg2g.html
https://www.olx.com.eg/ad/132-79-1600-IDbSqbk.html
https://www.olx.com.eg/ad/-IDbSqcP.html
https://www.olx.com.eg/ad/e180-exclusive-2017-fully-loaded-IDbSq8N.html
https://www.olx.com.eg/ad/-IDbSqay.html
https://www.olx.com.eg/ad/-IDbSqaB.html
https://www.olx.com.eg/ad/2007-IDbSqbq.html
https://www.olx.com.eg/ad/-IDbSq9S.html
https://www.olx.com.eg/ad/2012-IDbSqaj.html
https://www.olx.com.eg/ad/2021-1000-IDbSq9L.html
https://www.olx.com.eg/ad/-IDbSq9u.html
https://www.olx.com.eg/ad/2016-IDbSqbt.html
https://www.olx.com.eg/ad/128-32-IDbSqbu.html
https://www.olx.com.eg/ad/2017-IDbSqaA.html
https://www.olx.com.eg/ad/-IDbSqb8.html
https://www.olx.com.eg/ad/nissan-sunny-IDbvxU9.html
https://www.olx.com.eg/ad/-IDbSqea.html
https://www.olx.com.eg/ad/h1-2020-IDbQyMK.html
https://www.olx.com.eg/ad/6-5-IDbomTv.html
https://www.olx.com.eg/ad/1-IDbSq8U.html
https://www.olx.com.eg/ad/2005-IDbSq8D.html
https://www.olx.com.eg/ad/-IDbSq8m.html
https://www.olx.com.eg/ad/-IDbSq8b.html
https://www.olx.com.eg/ad/e240-IDbSq7x.html
https://www.olx.com.eg/ad/200-IDbSq7h.html
https://www.olx.com.eg/ad/for-sale-IDbSq61.html
https://www.olx.com.eg/ad/-IDbSq7c.html
https://www.olx.com.eg/ad/-IDbSq6O.html
https://www.olx.com.eg/ad/-IDbSq6m.html
https://www.olx.com.eg/ad/-IDbSq5C.html
https://www.olx.com.eg/ad/fiat-sienna-italian-power-model-2002-1400cc-IDbSq5z.html
https://www.olx.com.eg/ad/-IDbSq56.html
https://www.olx.com.eg/ad/-IDbSq5i.html
https://www.olx.com.eg/ad/-IDbSq4Z.html
https://www.olx.com.eg/ad/bmw-5-series-520i-facelift-lci-2021-IDbSq4N.html
https://www.olx.com.eg/ad/-IDbSq48.html
https://www.olx.com.eg/ad/-IDbSq1T.html
https://www.olx.com.eg/ad/2013-IDbSq3W.html
https://www.olx.com.eg/ad/byd-2015-IDbSq3z.html
https://www.olx.com.eg/ad/-IDbSq3s.html
https://www.olx.com.eg/ad/ix35-2015-IDbRMQr.html
https://www.olx.com.eg/ad/-IDbSq9n.html
https://www.olx.com.eg/ad/-IDbSq99.html
https://www.olx.com.eg/ad/2009-IDbSq8c.html
https://www.olx.com.eg/ad/2014-IDbSq7l.html
https://www.olx.com.eg/ad/-IDbSq6H.html
https://www.olx.com.eg/ad/-IDbSq6y.html
https://www.olx.com.eg/ad/2107-IDbSq6i.html
https://www.olx.com.eg/ad/-IDbSq60.html
https://www.olx.com.eg/ad/90-IDbSq5m.html
https://www.olx.com.eg/ad/-IDbSq5x.html
https://www.olx.com.eg/ad/e-240-IDbSq5L.html
https://www.olx.com.eg/ad/-IDbSq5b.html
https://www.olx.com.eg/ad/2023-IDbrNLr.html
https://www.olx.com.eg/ad/3-IDbSq4q.html
https://www.olx.com.eg/ad/3-IDbSq4l.html
https://www.olx.com.eg/ad/-IDbSq43.html
https://www.olx.com.eg/ad/grand-cherokee-2019-IDbSq3j.html
https://www.olx.com.eg/ad/-IDbSq50.html
https://www.olx.com.eg/ad/-IDbSq3i.html
https://www.olx.com.eg/ad/-IDbSq4d.html
https://www.olx.com.eg/ad/-IDbSq4b.html
https://www.olx.com.eg/ad/-IDbSq51.html
https://www.olx.com.eg/ad/2006-IDbSq3u.html
https://www.olx.com.eg/ad/-IDbSq3m.html
https://www.olx.com.eg/ad/c200-2019-IDbQw4k.html
https://www.olx.com.eg/ad/2105-IDbSq37.html
https://www.olx.com.eg/ad/2014-IDbSq38.html
https://www.olx.com.eg/ad/opel-astra-enjoy-2013-IDbSq3a.html
https://www.olx.com.eg/ad/2107-IDbSq35.html
https://www.olx.com.eg/ad/-IDbSq2Q.html
https://www.olx.com.eg/ad/guaranteed-by-toto-IDbOmV8.html
https://www.olx.com.eg/ad/-IDbSq2I.html
https://www.olx.com.eg/ad/-IDbSq2D.html
https://www.olx.com.eg/ad/-IDbSq2F.html
https://www.olx.com.eg/ad/guaranteed-by-toto-IDbNQgJ.html
https://www.olx.com.eg/ad/2008-IDbSq2a.html
https://www.olx.com.eg/ad/guaranteed-by-toto-IDbQYfe.html
https://www.olx.com.eg/ad/2017-IDbSq1M.html
https://www.olx.com.eg/ad/c250-avantgu-IDbSq1E.html
https://www.olx.com.eg/ad/-IDbSq17.html
https://www.olx.com.eg/ad/-IDbSq0H.html
https://www.olx.com.eg/ad/bmw-320-m-sport-IDbSq0n.html
https://www.olx.com.eg/ad/evoque-hse-p300-IDbG8v4.html
https://www.olx.com.eg/ad/2002-IDbfPgN.html
https://www.olx.com.eg/ad/-IDbSq0k.html
https://www.olx.com.eg/ad/-IDbSq0f.html
https://www.olx.com.eg/ad/-IDbSq00.html
https://www.olx.com.eg/ad/-IDbSpVs.html
https://www.olx.com.eg/ad/-IDbSpZO.html
https://www.olx.com.eg/ad/-IDbSpZ4.html
https://www.olx.com.eg/ad/-IDbSq1P.html
https://www.olx.com.eg/ad/3008-IDbSpYq.html
https://www.olx.com.eg/ad/128-32-IDbSpZX.html
https://www.olx.com.eg/ad/-IDbSq3m.html
https://www.olx.com.eg/ad/-IDbSq1Q.html
https://www.olx.com.eg/ad/2006-IDbSq3u.html
https://www.olx.com.eg/ad/516-IDbSq1l.html
https://www.olx.com.eg/ad/bmw-z4-2020-IDbSq2E.html
https://www.olx.com.eg/ad/-IDbSq3f.html
https://www.olx.com.eg/ad/mercedes-c200-amg-night-pack-IDbRGdA.html
https://www.olx.com.eg/ad/-IDbSpZJ.html
https://www.olx.com.eg/ad/guaranteed-by-toto-IDbPM52.html
https://www.olx.com.eg/ad/guaranteed-by-toto-october-IDbFbhZ.html
https://www.olx.com.eg/ad/cruze-model-2016-IDbSq24.html
https://www.olx.com.eg/ad/-IDbQxw6.html
https://www.olx.com.eg/ad/-IDbSq05.html
https://www.olx.com.eg/ad/-IDbSq2b.html
https://www.olx.com.eg/ad/-IDbSq0D.html
https://www.olx.com.eg/ad/1600-IDbSq0M.html
https://www.olx.com.eg/ad/2013-IDbSq2W.html
https://www.olx.com.eg/ad/2019-IDbSq1N.html
https://www.olx.com.eg/ad/hima-motor-IDbSq25.html
https://www.olx.com.eg/ad/bmw-320-m-sport-IDbSq0n.html
https://www.olx.com.eg/ad/-IDbSq0f.html
https://www.olx.com.eg/ad/-IDbSpVs.html
https://www.olx.com.eg/ad/-IDbSpZ4.html
https://www.olx.com.eg/ad/55-IDbSpZD.html
https://www.olx.com.eg/ad/97-IDbSpZx.html
https://www.olx.com.eg/ad/-IDbSpZo.html
https://www.olx.com.eg/ad/2013-IDbSpZh.html
https://www.olx.com.eg/ad/-IDbSpYN.html
https://www.olx.com.eg/ad/25-81250-IDbOVza.html
https://www.olx.com.eg/ad/-IDbSpYg.html
https://www.olx.com.eg/ad/-IDbSpVv.html
https://www.olx.com.eg/ad/-IDbSpYd.html
https://www.olx.com.eg/ad/-IDbSpYe.html
https://www.olx.com.eg/ad/bmw-e21-IDbSpXy.html
https://www.olx.com.eg/ad/-IDbSpX5.html
https://www.olx.com.eg/ad/91-IDbSmeI.html
https://www.olx.com.eg/ad/hima-motor-IDbSpVR.html
https://www.olx.com.eg/ad/127-IDbSpVn.html
https://www.olx.com.eg/ad/2000-IDbSpVq.html
https://www.olx.com.eg/ad/-IDbSpWU.html
https://www.olx.com.eg/ad/-IDbSpWV.html
https://www.olx.com.eg/ad/-IDbSpUu.html
https://www.olx.com.eg/ad/1987-honda-accord-coupe-hatchback-lx-IDbRyq4.html
https://www.olx.com.eg/ad/evoque-hse-p300-IDbG8v4.html
https://www.olx.com.eg/ad/mg5-alb-auto-IDbKMea.html
https://www.olx.com.eg/ad/2002-IDbfPgN.html
https://www.olx.com.eg/ad/-IDbSq0k.html
https://www.olx.com.eg/ad/-IDbSq00.html
https://www.olx.com.eg/ad/3008-IDbSpYq.html
https://www.olx.com.eg/ad/-IDbSpZO.html
https://www.olx.com.eg/ad/hyundai-accent-rb-2017-s-r-IDbRI8m.html
https://www.olx.com.eg/ad/-IDbSpZv.html
https://www.olx.com.eg/ad/-IDbSq05.html
https://www.olx.com.eg/ad/-IDbSpZa.html
https://www.olx.com.eg/ad/2005-IDbSpYW.html
https://www.olx.com.eg/ad/x1-2018-for-sale-IDbSpZA.html
https://www.olx.com.eg/ad/-IDbDg4g.html
https://www.olx.com.eg/ad/2011-IDbSpXO.htmlhttps://www.olx.com.eg/ad/-IDbSpYj.html
https://www.olx.com.eg/ad/2009-IDbSpXN.html
https://www.olx.com.eg/ad/-IDbSpXW.html
https://www.olx.com.eg/ad/suziki-vitara-2008-IDbSpYQ.html
https://www.olx.com.eg/ad/-IDbSpVO.html
https://www.olx.com.eg/ad/-IDbSpVY.html

https://www.olx.com.eg/ad/-IDbSpWY.html
https://www.olx.com.eg/ad/-IDbSpVd.html
https://www.olx.com.eg/ad/grand-cherokee-2018-IDbSpV1.html
https://www.olx.com.eg/ad/emgrand-2014-IDbRqKg.html
https://www.olx.com.eg/ad/2021-IDbNZuX.html
https://www.olx.com.eg/ad/-IDbShQQ.html
https://www.olx.com.eg/ad/-IDbSpUt.html
https://www.olx.com.eg/ad/-IDbSpUK.html
https://www.olx.com.eg/ad/-IDbSpUG.html
https://www.olx.com.eg/ad/a4-skoda-octavia-IDbSpTq.html
https://www.olx.com.eg/ad/-IDbSpUw.html
https://www.olx.com.eg/ad/-IDbSpU6.html
https://www.olx.com.eg/ad/-IDbSpU5.html
https://www.olx.com.eg/ad/bm-IDbSpU2.html
https://www.olx.com.eg/ad/cruze-2016-IDbSpTX.html
https://www.olx.com.eg/ad/516-IDbSpTr.html
https://www.olx.com.eg/ad/-IDbSpT6.html
https://www.olx.com.eg/ad/-IDbSpSZ.html
https://www.olx.com.eg/ad/-IDbSpSY.html
https://www.olx.com.eg/ad/-IDbSpSO.html
https://www.olx.com.eg/ad/3008-IDbSpSE.html
https://www.olx.com.eg/ad/25-21750-gl-IDbzDdv.html
https://www.olx.com.eg/ad/e21-82-IDbSpSn.html
https://www.olx.com.eg/ad/-IDbSpSs.html
https://www.olx.com.eg/ad/speranza-a516-IDbSpSj.html
https://www.olx.com.eg/ad/-IDbSpPM.html
https://www.olx.com.eg/ad/-IDbSmuE.html
https://www.olx.com.eg/ad/15-IDbSpR5.html
https://www.olx.com.eg/ad/mercedes-benz-cls-450-4matic-amg-IDbRTA7.html
https://www.olx.com.eg/ad/-IDbmvkW.html
https://www.olx.com.eg/ad/-IDbSpUg.html
https://www.olx.com.eg/ad/-IDbSpWl.html
https://www.olx.com.eg/ad/frv-2010-IDbSpWe.html
https://www.olx.com.eg/ad/ix35-IDbSpUp.html
https://www.olx.com.eg/ad/opel-astra-top-line-enjoy-plus-IDbSpSg.html
https://www.olx.com.eg/ad/2021-IDbSpUh.html
https://www.olx.com.eg/ad/-IDbSpUb.html
https://www.olx.com.eg/ad/mitsubishi-lancer-2010-IDbSpU8.html
https://www.olx.com.eg/ad/25-106000-c180-2012-IDbLGxc.html
https://www.olx.com.eg/ad/2011-640000-IDbSpTk.html
https://www.olx.com.eg/ad/128-IDbSpTm.html
https://www.olx.com.eg/ad/-IDbSpT4.html
https://www.olx.com.eg/ad/2011-IDbSpTl.html
https://www.olx.com.eg/ad/2010-IDbSpSC.html
https://www.olx.com.eg/ad/-IDbSpRX.html
https://www.olx.com.eg/ad/abo-gmal-IDbSpRO.html
https://www.olx.com.eg/ad/-IDbSpS9.html
https://www.olx.com.eg/ad/-IDbSpS6.html
https://www.olx.com.eg/ad/-IDbSpR4.html
https://www.olx.com.eg/ad/-IDbSpR8.html
https://www.olx.com.eg/ad/sport-2021-7-seats-IDbNcmw.html
https://www.olx.com.eg/ad/24200-IDaAajI.html
https://www.olx.com.eg/ad/-IDbSpQL.html
https://www.olx.com.eg/ad/-IDbSpQt.html
https://www.olx.com.eg/ad/128-1973-IDbSpQi.html
https://www.olx.com.eg/ad/2017-IDbSpQk.html
https://www.olx.com.eg/ad/e39-IDbSpQ5.html
https://www.olx.com.eg/ad/-IDbSpQ9.html
https://www.olx.com.eg/ad/-IDbSpPx.html
https://www.olx.com.eg/ad/25-41750-2017-IDbSpPd.html
https://www.olx.com.eg/ad/-IDbSpP1.html
https://www.olx.com.eg/ad/-IDbSpOQ.html
https://www.olx.com.eg/ad/-IDbSpOE.html
https://www.olx.com.eg/ad/-IDbSpOq.html
https://www.olx.com.eg/ad/2018-IDbSpOn.html
https://www.olx.com.eg/ad/-IDbSpNW.html
https://www.olx.com.eg/ad/-IDbSpNy.html
https://www.olx.com.eg/ad/-IDbSpN6.html
https://www.olx.com.eg/ad/e250-IDbSpMZ.html
https://www.olx.com.eg/ad/1996-IDbSpLb.html
https://www.olx.com.eg/ad/jeep-renegade-topline-2017-IDbRTkX.html
https://www.olx.com.eg/ad/proton-gen-2-IDbQC6c.html
https://www.olx.com.eg/ad/-IDbSpR1.html
https://www.olx.com.eg/ad/renault-sandero-for-sale-IDbSpQp.html
https://www.olx.com.eg/ad/-IDbSpLq.html
https://www.olx.com.eg/ad/2-2006-IDbSpOD.html
https://www.olx.com.eg/ad/-IDbSpPB.html
https://www.olx.com.eg/ad/-IDbSpPp.html
https://www.olx.com.eg/ad/-IDbSpPW.html
https://www.olx.com.eg/ad/-IDbSpPj.html
https://www.olx.com.eg/ad/2008-IDbSpP4.html
https://www.olx.com.eg/ad/2017-IDbSpP5.html
https://www.olx.com.eg/ad/-IDbSpOL.html
https://www.olx.com.eg/ad/2012-IDbSpOr.html
https://www.olx.com.eg/ad/3-IDbSpOR.html
https://www.olx.com.eg/ad/128-81-IDbSpNX.html
https://www.olx.com.eg/ad/2014-IDbSpNO.html
https://www.olx.com.eg/ad/a113-IDbSpNf.html
https://www.olx.com.eg/ad/-IDbSpNJ.html
https://www.olx.com.eg/ad/c200-amg-2019-IDbSpNI.html
https://www.olx.com.eg/ad/-IDbSpNg.html
https://www.olx.com.eg/ad/2015-IDbRWHL.html
https://www.olx.com.eg/ad/2012-IDbSpNN.html
https://www.olx.com.eg/ad/-IDbSdoz.html
https://www.olx.com.eg/ad/2005-IDbSpOf.html
https://www.olx.com.eg/ad/-IDbSpOa.html
https://www.olx.com.eg/ad/bmw-x7-series-all-new-shape-m50i-m-performance-2021-IDbSpN2.html
https://www.olx.com.eg/ad/-IDbSpN8.html
https://www.olx.com.eg/ad/-IDbSpO3.html
https://www.olx.com.eg/ad/-IDa4Z90.html
https://www.olx.com.eg/ad/124-IDbSpMe.html
https://www.olx.com.eg/ad/-IDbSpH3.html
https://www.olx.com.eg/ad/-IDbSpM0.html
https://www.olx.com.eg/ad/-IDbSpJu.html
https://www.olx.com.eg/ad/25-19750-2010-IDbxnDi.html
https://www.olx.com.eg/ad/-IDbSpKF.html
https://www.olx.com.eg/ad/mg6-IDbSpKz.html
https://www.olx.com.eg/ad/bmw-x5-2021-m50i-sophisto-grey-metallic-IDbSpJO.html
https://www.olx.com.eg/ad/-IDbSpGg.html
https://www.olx.com.eg/ad/14-IDbSpJ5.html
https://www.olx.com.eg/ad/-IDbSpIY.html
https://www.olx.com.eg/ad/2006-IDbSpHd.html
https://www.olx.com.eg/ad/-IDbSpIz.html
https://www.olx.com.eg/ad/rb-IDbSpHN.html
https://www.olx.com.eg/ad/35-54-IDbSpHZ.html
https://www.olx.com.eg/ad/suzuki-van-2016-IDbSpxS.html
https://www.olx.com.eg/ad/-IDbSpH1.html
https://www.olx.com.eg/ad/301-IDbRRVw.html
https://www.olx.com.eg/ad/golf-4-r32-IDbSpMz.html
https://www.olx.com.eg/ad/-IDbSpLG.html
https://www.olx.com.eg/ad/-IDbSpKB.html
https://www.olx.com.eg/ad/-IDbCWVN.html
https://www.olx.com.eg/ad/-IDbSpKn.html
https://www.olx.com.eg/ad/-IDbSpMm.html
https://www.olx.com.eg/ad/-IDbSpK1.html
https://www.olx.com.eg/ad/15-IDbSpI4.html
https://www.olx.com.eg/ad/bmw-x4-2021-IDbRBxU.html
https://www.olx.com.eg/ad/25-28000-316-IDbbFNq.html
https://www.olx.com.eg/ad/-IDbSpHu.html
https://www.olx.com.eg/ad/2021-alb-auto-IDbQfkO.html
https://www.olx.com.eg/ad/-IDbSpIw.html
https://www.olx.com.eg/ad/2014-IDbAKds.html
https://www.olx.com.eg/ad/-IDbSpGt.html
https://www.olx.com.eg/ad/-IDbSpHP.html
https://www.olx.com.eg/ad/-IDbSpKh.html
https://www.olx.com.eg/ad/2012-IDbSpID.html
https://www.olx.com.eg/ad/juke-2015-IDbSpHv.html
https://www.olx.com.eg/ad/25-73750-6-IDbQhS9.html
https://www.olx.com.eg/ad/-IDbSpHT.html
https://www.olx.com.eg/ad/-IDbSpzu.html
https://www.olx.com.eg/ad/-IDbSpGD.html
https://www.olx.com.eg/ad/-IDbSpKk.html
https://www.olx.com.eg/ad/2016-IDbSpGS.html
https://www.olx.com.eg/ad/2017-IDbSpH2.html
https://www.olx.com.eg/ad/-IDbSpHW.html
https://www.olx.com.eg/ad/matrix2007-IDbSpIv.html
https://www.olx.com.eg/ad/2002-IDbSpKT.html
https://www.olx.com.eg/ad/bmw-640i-grand-coupe-IDbShjy.html
https://www.olx.com.eg/ad/2002-IDbRQ5R.html
https://www.olx.com.eg/ad/2018-20-IDbSpGo.html
https://www.olx.com.eg/ad/-IDbSpGh.html
https://www.olx.com.eg/ad/-IDbSpFM.html
https://www.olx.com.eg/ad/-IDbSpFt.html
https://www.olx.com.eg/ad/-IDbSpDV.html
https://www.olx.com.eg/ad/2-2007-IDbSpEC.html
https://www.olx.com.eg/ad/99-IDbSpF7.html
https://www.olx.com.eg/ad/n300-IDbSpF3.html
https://www.olx.com.eg/ad/2017-IDbSpEX.html
https://www.olx.com.eg/ad/-IDbSpER.html
https://www.olx.com.eg/ad/-IDbSpEL.html
https://www.olx.com.eg/ad/2013-IDbSpEs.html
https://www.olx.com.eg/ad/c180-2018-gray-IDbBrZA.html
https://www.olx.com.eg/ad/90000-IDbSpDF.html
https://www.olx.com.eg/ad/xv-IDbSpDD.html
https://www.olx.com.eg/ad/2018-IDbSpxz.html
https://www.olx.com.eg/ad/528-IDbSpDi.html
https://www.olx.com.eg/ad/-IDbSpCS.html
https://www.olx.com.eg/ad/-IDbSpz5.html
https://www.olx.com.eg/ad/zs-2019-2-IDbSpBR.html
https://www.olx.com.eg/ad/-IDbSpzL.html
https://www.olx.com.eg/ad/2001-49-IDbR3zA.html
https://www.olx.com.eg/ad/84-IDbSpBk.html
https://www.olx.com.eg/ad/-IDbSpB3.html
https://www.olx.com.eg/ad/-IDbSpAK.html
https://www.olx.com.eg/ad/-IDbSp4p.html
https://www.olx.com.eg/ad/2011-IDbSpBA.html
https://www.olx.com.eg/ad/bentley-continental-flying-spur-IDbRpJV.html
https://www.olx.com.eg/ad/2020-IDbSpFC.html
https://www.olx.com.eg/ad/-IDbSpGs.html